<?xml version="1.0" encoding="UTF-8"?>
<testsuite xmlns:xsi="http://www.w3.org/2001/XMLSchema-instance" xsi:noNamespaceSchemaLocation="https://maven.apache.org/surefire/maven-surefire-plugin/xsd/surefire-test-report.xsd" name="no.nav.vedtak.felles.integrasjon.jms.QueueConsumerTest" time="1.437" tests="9" errors="0" skipped="0" failures="0">
  <properties>
[...]
</properties>
  <testcase name="test_receiveLoop_precondNotFulfilled" classname="no.nav.vedtak.felles.integrasjon.jms.QueueConsumerTest" time="0.261"/>
  <testcase name="test_receiveLoop_exceptionInHandler" classname="no.nav.vedtak.felles.integrasjon.jms.QueueConsumerTest" time="0.243"/>
  <testcase name="test_receiveLoop_exceptionWhenReceivingMessage" classname="no.nav.vedtak.felles.integrasjon.jms.QueueConsumerTest" time="0.224"/>
  <testcase name="test_receiveLoop_typical" classname="no.nav.vedtak.felles.integrasjon.jms.QueueConsumerTest" time="0.212"/>
  <testcase name="test_testConnection_queueIsOnAppsQueueMgr" classname="no.nav.vedtak.felles.integrasjon.jms.QueueConsumerTest" time="0.004"/>
  <testcase name="test_testConnection_queueIsOnOtherQueueMgr" classname="no.nav.vedtak.felles.integrasjon.jms.QueueConsumerTest" time="0.007"/>
  <testcase name="test_getConnectionEndpoint" classname="no.nav.vedtak.felles.integrasjon.jms.QueueConsumerTest" time="0.007"/>
  <testcase name="test_start_stop" classname="no.nav.vedtak.felles.integrasjon.jms.QueueConsumerTest" time="0.255"/>
  <testcase name="test_receiveLoop_exceptionWhenCreatingContext" classname="no.nav.vedtak.felles.integrasjon.jms.QueueConsumerTest" time="0.221"/>
</testsuite>